Using pre-set license
Built from '2022.3/staging' branch; Version is '2022.3.22f1 (887be4894c44) revision 8944612'; Using compiler version '192829333'; Build Type 'Release'
OS: 'Windows 11  (10.0.22631) 64bit Professional' Language: 'en' Physical Memory: 32678 MB
BatchMode: 1, IsHumanControllingUs: 0, StartBugReporterOnCrash: 0, Is64bit: 1, IsPro: 1

COMMAND LINE ARGUMENTS:
D:\Unity\2022.3.22f1\Editor\Unity.exe
-adb2
-batchMode
-noUpm
-name
AssetImportWorker0
-projectPath
D:/Unity Projects/Platformer
-logFile
Logs/AssetImportWorker0.log
-srvPort
17388
Successfully changed project path to: D:/Unity Projects/Platformer
D:/Unity Projects/Platformer
[UnityMemory] Configuration Parameters - Can be set up in boot.config
    "memorysetup-bucket-allocator-granularity=16"
    "memorysetup-bucket-allocator-bucket-count=8"
    "memorysetup-bucket-allocator-block-size=33554432"
    "memorysetup-bucket-allocator-block-count=8"
    "memorysetup-main-allocator-block-size=16777216"
    "memorysetup-thread-allocator-block-size=16777216"
    "memorysetup-gfx-main-allocator-block-size=16777216"
    "memorysetup-gfx-thread-allocator-block-size=16777216"
    "memorysetup-cache-allocator-block-size=4194304"
    "memorysetup-typetree-allocator-block-size=2097152"
    "memorysetup-profiler-bucket-allocator-granularity=16"
    "memorysetup-profiler-bucket-allocator-bucket-count=8"
    "memorysetup-profiler-bucket-allocator-block-size=33554432"
    "memorysetup-profiler-bucket-allocator-block-count=8"
    "memorysetup-profiler-allocator-block-size=16777216"
    "memorysetup-profiler-editor-allocator-block-size=1048576"
    "memorysetup-temp-allocator-size-main=16777216"
    "memorysetup-job-temp-allocator-block-size=2097152"
    "memorysetup-job-temp-allocator-block-size-background=1048576"
    "memorysetup-job-temp-allocator-reduction-small-platforms=262144"
    "memorysetup-allocator-temp-initial-block-size-main=262144"
    "memorysetup-allocator-temp-initial-block-size-worker=262144"
    "memorysetup-temp-allocator-size-background-worker=32768"
    "memorysetup-temp-allocator-size-job-worker=262144"
    "memorysetup-temp-allocator-size-preload-manager=33554432"
    "memorysetup-temp-allocator-size-nav-mesh-worker=65536"
    "memorysetup-temp-allocator-size-audio-worker=65536"
    "memorysetup-temp-allocator-size-cloud-worker=32768"
    "memorysetup-temp-allocator-size-gi-baking-worker=262144"
    "memorysetup-temp-allocator-size-gfx=262144"
Player connection [27464] Host "[IP] 192.168.1.8 [Port] 0 [Flags] 2 [Guid] 3793498375 [EditorId] 3793498375 [Version] 1048832 [Id] WindowsEditor(7,NSMJ) [Debug] 1 [PackageName] WindowsEditor [ProjectName] Editor" joined multi-casting on [225.0.0.222:54997]...

Player connection [27464] Host "[IP] 192.168.1.8 [Port] 0 [Flags] 2 [Guid] 3793498375 [EditorId] 3793498375 [Version] 1048832 [Id] WindowsEditor(7,NSMJ) [Debug] 1 [PackageName] WindowsEditor [ProjectName] Editor" joined alternative multi-casting on [225.0.0.222:34997]...

[Physics::Module] Initialized MultithreadedJobDispatcher with 23 workers.
Refreshing native plugins compatible for Editor in 6.81 ms, found 3 plugins.
Preloading 0 native plugins for Editor in 0.00 ms.
Initialize engine version: 2022.3.22f1 (887be4894c44)
[Subsystems] Discovering subsystems at path D:/Unity/2022.3.22f1/Editor/Data/Resources/UnitySubsystems
[Subsystems] Discovering subsystems at path D:/Unity Projects/Platformer/Assets
GfxDevice: creating device client; threaded=0; jobified=0
Direct3D:
    Version:  Direct3D 11.0 [level 11.1]
    Renderer: NVIDIA GeForce RTX 3080 (ID=0x2206)
    Vendor:   NVIDIA
    VRAM:     10053 MB
    Driver:   31.0.15.5212
Initialize mono
Mono path[0] = 'D:/Unity/2022.3.22f1/Editor/Data/Managed'
Mono path[1] = 'D:/Unity/2022.3.22f1/Editor/Data/MonoBleedingEdge/lib/mono/unityjit-win32'
Mono config path = 'D:/Unity/2022.3.22f1/Editor/Data/MonoBleedingEdge/etc'
Using monoOptions --debugger-agent=transport=dt_socket,embedding=1,server=y,suspend=n,address=127.0.0.1:56636
Begin MonoManager ReloadAssembly
Registering precompiled unity dll's ...
Register platform support module: D:/Unity/2022.3.22f1/Editor/Data/PlaybackEngines/WebGLSupport/UnityEditor.WebGL.Extensions.dll
Register platform support module: D:/Unity/2022.3.22f1/Editor/Data/PlaybackEngines/MacStandaloneSupport/UnityEditor.OSXStandalone.Extensions.dll
Register platform support module: D:/Unity/2022.3.22f1/Editor/Data/PlaybackEngines/AndroidPlayer/UnityEditor.Android.Extensions.dll
Register platform support module: D:/Unity/2022.3.22f1/Editor/Data/PlaybackEngines/iOSSupport/UnityEditor.iOS.Extensions.dll
Register platform support module: D:/Unity/2022.3.22f1/Editor/Data/PlaybackEngines/WindowsStandaloneSupport/UnityEditor.WindowsStandalone.Extensions.dll
Register platform support module: D:/Unity/2022.3.22f1/Editor/Data/PlaybackEngines/MetroSupport/UnityEditor.UWP.Extensions.dll
Registered in 0.007098 seconds.
- Loaded All Assemblies, in  0.318 seconds
Native extension for UWP target not found
Native extension for WindowsStandalone target not found
[usbmuxd] Start listen thread
[usbmuxd] Listen thread started
Native extension for iOS target not found
Native extension for Android target not found
Android Extension - Scanning For ADB Devices 258 ms
Native extension for OSXStandalone target not found
Native extension for WebGL target not found
Mono: successfully reloaded assembly
- Finished resetting the current domain, in  0.546 seconds
Domain Reload Profiling: 864ms
	BeginReloadAssembly (107ms)
		ExecutionOrderSort (0ms)
		DisableScriptedObjects (0ms)
		BackupInstance (0ms)
		ReleaseScriptingObjects (0ms)
		CreateAndSetChildDomain (1ms)
	RebuildCommonClasses (28ms)
	RebuildNativeTypeToScriptingClass (9ms)
	initialDomainReloadingComplete (46ms)
	LoadAllAssembliesAndSetupDomain (128ms)
		LoadAssemblies (108ms)
		RebuildTransferFunctionScriptingTraits (0ms)
		AnalyzeDomain (124ms)
			TypeCache.Refresh (123ms)
				TypeCache.ScanAssembly (112ms)
			ScanForSourceGeneratedMonoScriptInfo (0ms)
			ResolveRequiredComponents (0ms)
	FinalizeReload (546ms)
		ReleaseScriptCaches (0ms)
		RebuildScriptCaches (0ms)
		SetupLoadedEditorAssemblies (500ms)
			LogAssemblyErrors (0ms)
			InitializePlatformSupportModulesInManaged (356ms)
			SetLoadedEditorAssemblies (3ms)
			RefreshPlugins (0ms)
			BeforeProcessingInitializeOnLoad (2ms)
			ProcessInitializeOnLoadAttributes (98ms)
			ProcessInitializeOnLoadMethodAttributes (40ms)
			AfterProcessingInitializeOnLoad (0ms)
			EditorAssembliesLoaded (0ms)
		ExecutionOrderSort2 (0ms)
		AwakeInstancesAfterBackupRestoration (0ms)
========================================================================
Worker process is ready to serve import requests
Begin MonoManager ReloadAssembly
- Loaded All Assemblies, in  0.526 seconds
Refreshing native plugins compatible for Editor in 2.18 ms, found 3 plugins.
Native extension for UWP target not found
Native extension for WindowsStandalone target not found
Native extension for iOS target not found
Native extension for Android target not found
Native extension for OSXStandalone target not found
Native extension for WebGL target not found
Package Manager log level set to [2]
[Package Manager] Server::EnsureServerProcessIsRunning -- launch failed, reason: Unity was launched with the -noUpm command-line argument
[Package Manager] UpmClient::Send -- Unable to send message (not connected to UPM process).
[Package Manager] Cannot connect to Unity Package Manager local server
Mono: successfully reloaded assembly
- Finished resetting the current domain, in  0.554 seconds
Domain Reload Profiling: 1080ms
	BeginReloadAssembly (138ms)
		ExecutionOrderSort (0ms)
		DisableScriptedObjects (5ms)
		BackupInstance (0ms)
		ReleaseScriptingObjects (0ms)
		CreateAndSetChildDomain (19ms)
	RebuildCommonClasses (27ms)
	RebuildNativeTypeToScriptingClass (9ms)
	initialDomainReloadingComplete (30ms)
	LoadAllAssembliesAndSetupDomain (321ms)
		LoadAssemblies (256ms)
		RebuildTransferFunctionScriptingTraits (0ms)
		AnalyzeDomain (154ms)
			TypeCache.Refresh (135ms)
				TypeCache.ScanAssembly (121ms)
			ScanForSourceGeneratedMonoScriptInfo (14ms)
			ResolveRequiredComponents (5ms)
	FinalizeReload (555ms)
		ReleaseScriptCaches (0ms)
		RebuildScriptCaches (0ms)
		SetupLoadedEditorAssemblies (426ms)
			LogAssemblyErrors (0ms)
			InitializePlatformSupportModulesInManaged (30ms)
			SetLoadedEditorAssemblies (3ms)
			RefreshPlugins (0ms)
			BeforeProcessingInitializeOnLoad (46ms)
			ProcessInitializeOnLoadAttributes (326ms)
			ProcessInitializeOnLoadMethodAttributes (19ms)
			AfterProcessingInitializeOnLoad (2ms)
			EditorAssembliesLoaded (0ms)
		ExecutionOrderSort2 (0ms)
		AwakeInstancesAfterBackupRestoration (5ms)
Launched and connected shader compiler UnityShaderCompiler.exe after 0.04 seconds
Refreshing native plugins compatible for Editor in 2.53 ms, found 3 plugins.
Preloading 0 native plugins for Editor in 0.00 ms.
Unloading 3558 Unused Serialized files (Serialized files now loaded: 0)
Unloading 71 unused Assets / (1.4 MB). Loaded Objects now: 4024.
Memory consumption went from 157.6 MB to 156.2 MB.
Total: 3.051500 ms (FindLiveObjects: 0.214800 ms CreateObjectMapping: 0.104800 ms MarkObjects: 2.399600 ms  DeleteObjects: 0.331700 ms)

AssetImportParameters requested are different than current active one (requested -> active):
  custom:container-demuxer-ogg: 62fdf1f143b41e24485cea50d1cbac27 -> 
  custom:video-decoder-ogg-theora: a1e56fd34408186e4bbccfd4996cb3dc -> 
  custom:framework-win-MediaFoundation: 216162199b28c13a410421893ffa2e32 -> 
  custom:CustomObjectIndexerAttribute: 9a22284fe3817be447336de3de66b15e -> 
  custom:container-demuxer-webm: 4f35f7cbe854078d1ac9338744f61a02 -> 
  custom:container-muxer-webm: aa71ff27fc2769a1b78a27578f13a17b -> 
  custom:video-decoder-webm-vp8: 9c59270c3fd7afecdb556c50c9e8de78 -> 
  custom:SearchIndexIgnoredProperties: e643bd26f0fe6173181afceb89e7c659 -> 
  custom:AudioImporter_EditorPlatform: d09bf68614088b80899f8185d706f6e7 -> 
  custom:video-encoder-webm-vp8: eb34c28f22e8b96e1ab97ce403110664 -> 
  custom:audio-decoder-ogg-vorbis: bf7c407c2cedff20999df2af8eb42d56 -> 
  custom:audio-encoder-webm-vorbis: bf7c407c2cedff20999df2af8eb42d56 -> 
========================================================================
Received Import Request.
  Time since last request: 69279.775643 seconds.
  path: Assets/Scenes/Level 1.unity
  artifactKey: Guid(de54ed0b209a4b541b7bc1925be450bd) Importer(815301076,1909f56bfc062723c751e8b465ee728b)
Start importing Assets/Scenes/Level 1.unity using Guid(de54ed0b209a4b541b7bc1925be450bd) Importer(815301076,1909f56bfc062723c751e8b465ee728b)  -> (artifact id: '7281b0fb986405412bfc7c03a0fc5a43') in 0.002546 seconds
Number of updated asset objects reloaded before import = 0
Number of asset objects unloaded after import = 0
========================================================================
Received Import Request.
  Time since last request: 16.758283 seconds.
  path: Assets/Prefabs/Level Pack/LevelPack.prefab
  artifactKey: Guid(80d2b7120f1a5134686a46fd8eb85747) Importer(815301076,1909f56bfc062723c751e8b465ee728b)
Start importing Assets/Prefabs/Level Pack/LevelPack.prefab using Guid(80d2b7120f1a5134686a46fd8eb85747) Importer(815301076,1909f56bfc062723c751e8b465ee728b) Refreshing native plugins compatible for Editor in 2.54 ms, found 3 plugins.
Preloading 0 native plugins for Editor in 0.00 ms.
 -> (artifact id: '85faa42a597babff4a080a1757332eca') in 2.692236 seconds
Number of updated asset objects reloaded before import = 0
Number of asset objects unloaded after import = 769
========================================================================
Received Import Request.
  Time since last request: 24.921202 seconds.
  path: Assets/_Udemy 3D Platformer Assets/Models/Objects/Other
  artifactKey: Guid(8a18bbe21866bd441a18133085b2872a) Importer(815301076,1909f56bfc062723c751e8b465ee728b)
Start importing Assets/_Udemy 3D Platformer Assets/Models/Objects/Other using Guid(8a18bbe21866bd441a18133085b2872a) Importer(815301076,1909f56bfc062723c751e8b465ee728b)  -> (artifact id: '34b28159489b0ebfcf9eb33112d096c3') in 0.003902 seconds
Number of updated asset objects reloaded before import = 0
Number of asset objects unloaded after import = 0
========================================================================
Received Import Request.
  Time since last request: 12.447143 seconds.
  path: Assets/_Udemy 3D Platformer Assets/Skybox/Fantasy Skybox FREE/Materials
  artifactKey: Guid(edc4e4b9dcc7043469aa6ab2c97aa154) Importer(815301076,1909f56bfc062723c751e8b465ee728b)
Start importing Assets/_Udemy 3D Platformer Assets/Skybox/Fantasy Skybox FREE/Materials using Guid(edc4e4b9dcc7043469aa6ab2c97aa154) Importer(815301076,1909f56bfc062723c751e8b465ee728b)  -> (artifact id: 'cc89650a38e02d6cdfd18fb6a3a02edd') in 0.003698 seconds
Number of updated asset objects reloaded before import = 0
Number of asset objects unloaded after import = 0
========================================================================
Received Import Request.
  Time since last request: 22.206741 seconds.
  path: Assets/_Udemy 3D Platformer Assets/Models/Environment/Kenney
  artifactKey: Guid(f88b20a4382998647813d9d122c2493b) Importer(815301076,1909f56bfc062723c751e8b465ee728b)
Start importing Assets/_Udemy 3D Platformer Assets/Models/Environment/Kenney using Guid(f88b20a4382998647813d9d122c2493b) Importer(815301076,1909f56bfc062723c751e8b465ee728b)  -> (artifact id: '6977dd3d871d7635cabc5c5c434c2c4b') in 0.000419 seconds
Number of updated asset objects reloaded before import = 0
Number of asset objects unloaded after import = 0
========================================================================
Received Import Request.
  Time since last request: 0.106751 seconds.
  path: Assets/_Udemy 3D Platformer Assets/Models/Environment/Kenney/arrow.prefab
  artifactKey: Guid(1cfcbaa06fc994b47aad08506f941782) Importer(815301076,1909f56bfc062723c751e8b465ee728b)
Start importing Assets/_Udemy 3D Platformer Assets/Models/Environment/Kenney/arrow.prefab using Guid(1cfcbaa06fc994b47aad08506f941782) Importer(815301076,1909f56bfc062723c751e8b465ee728b)  -> (artifact id: '5d88c3096a157e932c94936762de0e4f') in 0.018911 seconds
Number of updated asset objects reloaded before import = 0
Number of asset objects unloaded after import = 16
========================================================================
Received Import Request.
  Time since last request: 0.006169 seconds.
  path: Assets/_Udemy 3D Platformer Assets/Models/Environment/Kenney/barrel 1.prefab
  artifactKey: Guid(201ac5f6eb1cac1438945cc520b4f576) Importer(815301076,1909f56bfc062723c751e8b465ee728b)
Start importing Assets/_Udemy 3D Platformer Assets/Models/Environment/Kenney/barrel 1.prefab using Guid(201ac5f6eb1cac1438945cc520b4f576) Importer(815301076,1909f56bfc062723c751e8b465ee728b)  -> (artifact id: 'c439e1626bd36ad83a68b315091ef2a0') in 0.015359 seconds
Number of updated asset objects reloaded before import = 0
Number of asset objects unloaded after import = 12
========================================================================
Received Import Request.
  Time since last request: 0.006282 seconds.
  path: Assets/_Udemy 3D Platformer Assets/Models/Environment/Kenney/blockCornerLarge.prefab
  artifactKey: Guid(9dc316be0786d444885030d2c4407d6c) Importer(815301076,1909f56bfc062723c751e8b465ee728b)
Start importing Assets/_Udemy 3D Platformer Assets/Models/Environment/Kenney/blockCornerLarge.prefab using Guid(9dc316be0786d444885030d2c4407d6c) Importer(815301076,1909f56bfc062723c751e8b465ee728b)  -> (artifact id: '349bb62637681643427ba9012c37e74d') in 0.024138 seconds
Number of updated asset objects reloaded before import = 0
Number of asset objects unloaded after import = 10
========================================================================
Received Import Request.
  Time since last request: 0.000017 seconds.
  path: Assets/_Udemy 3D Platformer Assets/Models/Environment/Kenney/blockCornerSmall.prefab
  artifactKey: Guid(afa2c2dcb3f841241a607dece8698259) Importer(815301076,1909f56bfc062723c751e8b465ee728b)
Start importing Assets/_Udemy 3D Platformer Assets/Models/Environment/Kenney/blockCornerSmall.prefab using Guid(afa2c2dcb3f841241a607dece8698259) Importer(815301076,1909f56bfc062723c751e8b465ee728b)  -> (artifact id: '64a2dad2d9dadba8020449930764809d') in 0.015801 seconds
Number of updated asset objects reloaded before import = 0
Number of asset objects unloaded after import = 10
========================================================================
Received Import Request.
  Time since last request: 0.005598 seconds.
  path: Assets/_Udemy 3D Platformer Assets/Models/Environment/Kenney/blockDirt.prefab
  artifactKey: Guid(a0852f2574e03064a83f85550c7bad59) Importer(815301076,1909f56bfc062723c751e8b465ee728b)
Start importing Assets/_Udemy 3D Platformer Assets/Models/Environment/Kenney/blockDirt.prefab using Guid(a0852f2574e03064a83f85550c7bad59) Importer(815301076,1909f56bfc062723c751e8b465ee728b)  -> (artifact id: '5876aef413608c451650a8004e8a2934') in 0.017198 seconds
Number of updated asset objects reloaded before import = 0
Number of asset objects unloaded after import = 9
========================================================================
Received Import Request.
  Time since last request: 0.000013 seconds.
  path: Assets/_Udemy 3D Platformer Assets/Models/Environment/Kenney/blockHexagonLow.prefab
  artifactKey: Guid(04e5ddfc6df98d64f86c524351304cb6) Importer(815301076,1909f56bfc062723c751e8b465ee728b)
Start importing Assets/_Udemy 3D Platformer Assets/Models/Environment/Kenney/blockHexagonLow.prefab using Guid(04e5ddfc6df98d64f86c524351304cb6) Importer(815301076,1909f56bfc062723c751e8b465ee728b)  -> (artifact id: '7283436a77af5ff5a71c32dde357ee8f') in 0.015370 seconds
Number of updated asset objects reloaded before import = 0
Number of asset objects unloaded after import = 10
========================================================================
Received Import Request.
  Time since last request: 0.000016 seconds.
  path: Assets/_Udemy 3D Platformer Assets/Models/Environment/Kenney/block.prefab
  artifactKey: Guid(235539f947d857440a0d9c4e2cdee08a) Importer(815301076,1909f56bfc062723c751e8b465ee728b)
Start importing Assets/_Udemy 3D Platformer Assets/Models/Environment/Kenney/block.prefab using Guid(235539f947d857440a0d9c4e2cdee08a) Importer(815301076,1909f56bfc062723c751e8b465ee728b)  -> (artifact id: 'acbca26dd0581eeadec9d6aa2f21b080') in 0.016466 seconds
Number of updated asset objects reloaded before import = 0
Number of asset objects unloaded after import = 10
========================================================================
Received Import Request.
  Time since last request: 0.000014 seconds.
  path: Assets/_Udemy 3D Platformer Assets/Models/Environment/Kenney/blockSlopeHalf.prefab
  artifactKey: Guid(7f228d626e06f324eb474ae10045ce9a) Importer(815301076,1909f56bfc062723c751e8b465ee728b)
Start importing Assets/_Udemy 3D Platformer Assets/Models/Environment/Kenney/blockSlopeHalf.prefab using Guid(7f228d626e06f324eb474ae10045ce9a) Importer(815301076,1909f56bfc062723c751e8b465ee728b)  -> (artifact id: '31d7ca6f38f59ebaae16ee3e33f9c32e') in 0.015010 seconds
Number of updated asset objects reloaded before import = 0
Number of asset objects unloaded after import = 10
========================================================================
Received Import Request.
  Time since last request: 0.000014 seconds.
  path: Assets/_Udemy 3D Platformer Assets/Models/Environment/Kenney/barrel.prefab
  artifactKey: Guid(b49a6b73c788917418f5dd543141ab1e) Importer(815301076,1909f56bfc062723c751e8b465ee728b)
Start importing Assets/_Udemy 3D Platformer Assets/Models/Environment/Kenney/barrel.prefab using Guid(b49a6b73c788917418f5dd543141ab1e) Importer(815301076,1909f56bfc062723c751e8b465ee728b)  -> (artifact id: 'da346f0919dc5267945945ab30101a85') in 0.009669 seconds
Number of updated asset objects reloaded before import = 0
Number of asset objects unloaded after import = 12
========================================================================
Received Import Request.
  Time since last request: 0.000015 seconds.
  path: Assets/_Udemy 3D Platformer Assets/Models/Environment/Kenney/blockDirtHalf.prefab
  artifactKey: Guid(67529e69eed65e142a42f3f809988a1a) Importer(815301076,1909f56bfc062723c751e8b465ee728b)
Start importing Assets/_Udemy 3D Platformer Assets/Models/Environment/Kenney/blockDirtHalf.prefab using Guid(67529e69eed65e142a42f3f809988a1a) Importer(815301076,1909f56bfc062723c751e8b465ee728b)  -> (artifact id: '3f423db25aa69ca1dc3f137f6b70527c') in 0.013914 seconds
Number of updated asset objects reloaded before import = 0
Number of asset objects unloaded after import = 9
========================================================================
Received Import Request.
  Time since last request: 0.000015 seconds.
  path: Assets/_Udemy 3D Platformer Assets/Models/Environment/Kenney/blockSlope.prefab
  artifactKey: Guid(9c5c0fca589319d478b76fca7cbbf1a0) Importer(815301076,1909f56bfc062723c751e8b465ee728b)
Start importing Assets/_Udemy 3D Platformer Assets/Models/Environment/Kenney/blockSlope.prefab using Guid(9c5c0fca589319d478b76fca7cbbf1a0) Importer(815301076,1909f56bfc062723c751e8b465ee728b)  -> (artifact id: 'f1b34b86c0a16fd821eb8ee1941e2794') in 0.013525 seconds
Number of updated asset objects reloaded before import = 0
Number of asset objects unloaded after import = 10
========================================================================
Received Import Request.
  Time since last request: 0.000013 seconds.
  path: Assets/_Udemy 3D Platformer Assets/Models/Environment/Kenney/blockMoving.prefab
  artifactKey: Guid(57cb48272e2e05346933aea4fa53b3c8) Importer(815301076,1909f56bfc062723c751e8b465ee728b)
Start importing Assets/_Udemy 3D Platformer Assets/Models/Environment/Kenney/blockMoving.prefab using Guid(57cb48272e2e05346933aea4fa53b3c8) Importer(815301076,1909f56bfc062723c751e8b465ee728b)  -> (artifact id: 'cc8a55fe147a0dbf98768b63487bea86') in 0.015041 seconds
Number of updated asset objects reloaded before import = 0
Number of asset objects unloaded after import = 10
========================================================================
Received Import Request.
  Time since last request: 0.000015 seconds.
  path: Assets/_Udemy 3D Platformer Assets/Models/Environment/Kenney/blockQuarter.prefab
  artifactKey: Guid(41bb744304126914f89d10d316f1ab04) Importer(815301076,1909f56bfc062723c751e8b465ee728b)
Start importing Assets/_Udemy 3D Platformer Assets/Models/Environment/Kenney/blockQuarter.prefab using Guid(41bb744304126914f89d10d316f1ab04) Importer(815301076,1909f56bfc062723c751e8b465ee728b)  -> (artifact id: 'b029989dbe333f3ee58cd9394999469a') in 0.015694 seconds
Number of updated asset objects reloaded before import = 0
Number of asset objects unloaded after import = 10
========================================================================
Received Prepare
Begin MonoManager ReloadAssembly
- Loaded All Assemblies, in  0.485 seconds
Refreshing native plugins compatible for Editor in 2.60 ms, found 3 plugins.
Native extension for UWP target not found
Native extension for WindowsStandalone target not found
Native extension for iOS target not found
Native extension for Android target not found
Native extension for OSXStandalone target not found
Native extension for WebGL target not found
[Package Manager] Server::EnsureServerProcessIsRunning -- launch failed, reason: Unity was launched with the -noUpm command-line argument
[Package Manager] UpmClient::Send -- Unable to send message (not connected to UPM process).
[Package Manager] Cannot connect to Unity Package Manager local server
Mono: successfully reloaded assembly
- Finished resetting the current domain, in  1.038 seconds
Domain Reload Profiling: 1522ms
	BeginReloadAssembly (220ms)
		ExecutionOrderSort (0ms)
		DisableScriptedObjects (7ms)
		BackupInstance (0ms)
		ReleaseScriptingObjects (0ms)
		CreateAndSetChildDomain (34ms)
	RebuildCommonClasses (33ms)
	RebuildNativeTypeToScriptingClass (13ms)
	initialDomainReloadingComplete (23ms)
	LoadAllAssembliesAndSetupDomain (195ms)
		LoadAssemblies (334ms)
		RebuildTransferFunctionScriptingTraits (0ms)
		AnalyzeDomain (13ms)
			TypeCache.Refresh (6ms)
				TypeCache.ScanAssembly (0ms)
			ScanForSourceGeneratedMonoScriptInfo (0ms)
			ResolveRequiredComponents (6ms)
	FinalizeReload (1038ms)
		ReleaseScriptCaches (0ms)
		RebuildScriptCaches (0ms)
		SetupLoadedEditorAssemblies (477ms)
			LogAssemblyErrors (0ms)
			InitializePlatformSupportModulesInManaged (40ms)
			SetLoadedEditorAssemblies (3ms)
			RefreshPlugins (0ms)
			BeforeProcessingInitializeOnLoad (59ms)
			ProcessInitializeOnLoadAttributes (354ms)
			ProcessInitializeOnLoadMethodAttributes (18ms)
			AfterProcessingInitializeOnLoad (2ms)
			EditorAssembliesLoaded (0ms)
		ExecutionOrderSort2 (0ms)
		AwakeInstancesAfterBackupRestoration (8ms)
Refreshing native plugins compatible for Editor in 5.48 ms, found 3 plugins.
Preloading 0 native plugins for Editor in 0.00 ms.
Unloading 3500 Unused Serialized files (Serialized files now loaded: 0)
Unloading 40 unused Assets / (1.4 MB). Loaded Objects now: 4048.
Memory consumption went from 146.7 MB to 145.4 MB.
Total: 4.686000 ms (FindLiveObjects: 0.449500 ms CreateObjectMapping: 0.127200 ms MarkObjects: 3.694600 ms  DeleteObjects: 0.413600 ms)

Prepare: number of updated asset objects reloaded= 0
AssetImportParameters requested are different than current active one (requested -> active):
  custom:container-demuxer-ogg: 62fdf1f143b41e24485cea50d1cbac27 -> 
  custom:video-decoder-ogg-theora: a1e56fd34408186e4bbccfd4996cb3dc -> 
  custom:framework-win-MediaFoundation: 216162199b28c13a410421893ffa2e32 -> 
  custom:CustomObjectIndexerAttribute: 9a22284fe3817be447336de3de66b15e -> 
  custom:container-demuxer-webm: 4f35f7cbe854078d1ac9338744f61a02 -> 
  custom:container-muxer-webm: aa71ff27fc2769a1b78a27578f13a17b -> 
  custom:video-decoder-webm-vp8: 9c59270c3fd7afecdb556c50c9e8de78 -> 
  custom:SearchIndexIgnoredProperties: e643bd26f0fe6173181afceb89e7c659 -> 
  custom:AudioImporter_EditorPlatform: d09bf68614088b80899f8185d706f6e7 -> 
  custom:video-encoder-webm-vp8: eb34c28f22e8b96e1ab97ce403110664 -> 
  custom:audio-decoder-ogg-vorbis: bf7c407c2cedff20999df2af8eb42d56 -> 
  custom:audio-encoder-webm-vorbis: bf7c407c2cedff20999df2af8eb42d56 -> 
Editor requested this worker to shutdown with reason: Scaling down because of idle timeout
TcpMessagingSession - receive error: operation aborted. errorcode: 995, details: The I/O operation has been aborted because of either a thread exit or an application request.
AssetImportWorker is now disconnected from the server
Process exiting
Exiting without the bug reporter. Application will terminate with return code 0